<?xml version="1.0" encoding="utf-8"?><testsuites name="pytest tests"><testsuite name="pytest" errors="0" failures="0" skipped="0" tests="49" time="8.960" timestamp="2026-05-01T12:58:13.598164+00:00" hostname="agent-env-7941bc47-f97b-4b8e-a135-4c5dffdc39be"><testcase classname="backend.tests.backend_test.TestHealth" name="test_root" time="0.225" /><testcase classname="backend.tests.backend_test.TestAuth" name="test_admin_login" time="0.281" /><testcase classname="backend.tests.backend_test.TestAuth" name="test_invalid_login" time="0.272" /><testcase classname="backend.tests.backend_test.TestAuth" name="test_register_and_me" time="0.336" /><testcase classname="backend.tests.backend_test.TestAuth" name="test_me_unauth" time="0.053" /><testcase classname="backend.tests.backend_test.TestServices" name="test_list_services" time="0.057" /><testcase classname="backend.tests.backend_test.TestServices" name="test_get_service_by_slug" time="0.056" /><testcase classname="backend.tests.backend_test.TestServices" name="test_create_service_non_admin_403" time="0.051" /><testcase classname="backend.tests.backend_test.TestServices" name="test_admin_crud_service" time="0.411" /><testcase classname="backend.tests.backend_test.TestProducts" name="test_list_products" time="0.052" /><testcase classname="backend.tests.backend_test.TestProducts" name="test_filters" time="0.093" /><testcase classname="backend.tests.backend_test.TestProducts" name="test_admin_crud_product" time="0.152" /><testcase classname="backend.tests.backend_test.TestPublicLists" name="test_testimonials" time="0.049" /><testcase classname="backend.tests.backend_test.TestPublicLists" name="test_gallery" time="0.051" /><testcase classname="backend.tests.backend_test.TestPublicLists" name="test_learning" time="0.051" /><testcase classname="backend.tests.backend_test.TestPublicLists" name="test_templates" time="0.046" /><testcase classname="backend.tests.backend_test.TestPublicLists" name="test_coupon_validate" time="0.065" /><testcase classname="backend.tests.backend_test.TestPublicLists" name="test_coupon_invalid" time="0.044" /><testcase classname="backend.tests.backend_test.TestOrdersPayments" name="test_order_with_coupon" time="1.016" /><testcase classname="backend.tests.backend_test.TestOrdersPayments" name="test_admin_orders" time="0.049" /><testcase classname="backend.tests.backend_test.TestContact" name="test_contact_post_and_admin_list" time="0.119" /><testcase classname="backend.tests.backend_test.TestContact" name="test_contact_admin_only" time="0.049" /><testcase classname="backend.tests.backend_test.TestDesigns" name="test_designs_crud" time="0.165" /><testcase classname="backend.tests.backend_test.TestDesigns" name="test_designs_unauth" time="0.051" /><testcase classname="backend.tests.backend_test.TestAdminStats" name="test_stats" time="0.053" /><testcase classname="backend.tests.backend_test.TestAdminStats" name="test_stats_unauth" time="0.047" /><testcase classname="backend.tests.backend_test.TestAdminMisc" name="test_template_create_delete" time="0.108" /><testcase classname="backend.tests.backend_test.TestAdminMisc" name="test_learning_create_delete" time="0.113" /><testcase classname="backend.tests.backend_test.TestAdminMisc" name="test_coupon_create_delete" time="0.093" /><testcase classname="backend.tests.backend_test.TestAdminMisc" name="test_testimonial_admin" time="0.098" /><testcase classname="backend.tests.backend_test.TestAdminMisc" name="test_gallery_admin" time="0.099" /><testcase classname="backend.tests.backend_test.TestUpload" name="test_upload_admin" time="0.101" /><testcase classname="backend.tests.backend_test.TestUpload" name="test_upload_non_admin_403" time="0.049" /><testcase classname="backend.tests.backend_test.TestUpload" name="test_upload_bad_ext" time="0.047" /><testcase classname="backend.tests.backend_test.TestHomepageSettings" name="test_get_default" time="0.050" /><testcase classname="backend.tests.backend_test.TestHomepageSettings" name="test_put_requires_admin" time="0.048" /><testcase classname="backend.tests.backend_test.TestHomepageSettings" name="test_put_and_persist" time="0.191" /><testcase classname="backend.tests.backend_test.TestProfile" name="test_update_name_phone" time="0.364" /><testcase classname="backend.tests.backend_test.TestProfile" name="test_new_password_requires_current" time="0.322" /><testcase classname="backend.tests.backend_test.TestProfile" name="test_new_password_min_length" time="0.552" /><testcase classname="backend.tests.backend_test.TestProfile" name="test_change_password_success" time="1.041" /><testcase classname="backend.tests.backend_test.TestAdminUserMgmt" name="test_toggle_role_and_delete" time="0.509" /><testcase classname="backend.tests.backend_test.TestAdminUserMgmt" name="test_cannot_change_own_role" time="0.093" /><testcase classname="backend.tests.backend_test.TestAdminUserMgmt" name="test_cannot_delete_self" time="0.088" /><testcase classname="backend.tests.backend_test.TestAdminUserMgmt" name="test_role_endpoint_non_admin_403" time="0.045" /><testcase classname="backend.tests.backend_test.TestCategories" name="test_list_categories" time="0.049" /><testcase classname="backend.tests.backend_test.TestDownloads" name="test_downloads_requires_auth" time="0.048" /><testcase classname="backend.tests.backend_test.TestDownloads" name="test_downloads_empty_for_new_user" time="0.047" /><testcase classname="backend.tests.backend_test.TestDownloads" name="test_downloads_after_paid_order" time="0.762" /></testsuite></testsuites>