<?xml version="1.0" encoding="utf-8"?><testsuites name="pytest tests"><testsuite name="pytest" errors="0" failures="0" skipped="0" tests="31" time="3.619" timestamp="2026-05-01T12:17:29.810710+00:00" hostname="agent-env-7941bc47-f97b-4b8e-a135-4c5dffdc39be"><testcase classname="backend.tests.backend_test.TestHealth" name="test_root" time="0.244" /><testcase classname="backend.tests.backend_test.TestAuth" name="test_admin_login" time="0.280" /><testcase classname="backend.tests.backend_test.TestAuth" name="test_invalid_login" time="0.271" /><testcase classname="backend.tests.backend_test.TestAuth" name="test_register_and_me" time="0.324" /><testcase classname="backend.tests.backend_test.TestAuth" name="test_me_unauth" time="0.046" /><testcase classname="backend.tests.backend_test.TestServices" name="test_list_services" time="0.046" /><testcase classname="backend.tests.backend_test.TestServices" name="test_get_service_by_slug" time="0.048" /><testcase classname="backend.tests.backend_test.TestServices" name="test_create_service_non_admin_403" time="0.046" /><testcase classname="backend.tests.backend_test.TestServices" name="test_admin_crud_service" time="0.417" /><testcase classname="backend.tests.backend_test.TestProducts" name="test_list_products" time="0.045" /><testcase classname="backend.tests.backend_test.TestProducts" name="test_filters" time="0.091" /><testcase classname="backend.tests.backend_test.TestProducts" name="test_admin_crud_product" time="0.155" /><testcase classname="backend.tests.backend_test.TestPublicLists" name="test_testimonials" time="0.047" /><testcase classname="backend.tests.backend_test.TestPublicLists" name="test_gallery" time="0.047" /><testcase classname="backend.tests.backend_test.TestPublicLists" name="test_learning" time="0.046" /><testcase classname="backend.tests.backend_test.TestPublicLists" name="test_templates" time="0.048" /><testcase classname="backend.tests.backend_test.TestPublicLists" name="test_coupon_validate" time="0.048" /><testcase classname="backend.tests.backend_test.TestPublicLists" name="test_coupon_invalid" time="0.047" /><testcase classname="backend.tests.backend_test.TestOrdersPayments" name="test_order_with_coupon" time="0.204" /><testcase classname="backend.tests.backend_test.TestOrdersPayments" name="test_admin_orders" time="0.046" /><testcase classname="backend.tests.backend_test.TestContact" name="test_contact_post_and_admin_list" time="0.104" /><testcase classname="backend.tests.backend_test.TestContact" name="test_contact_admin_only" time="0.051" /><testcase classname="backend.tests.backend_test.TestDesigns" name="test_designs_crud" time="0.183" /><testcase classname="backend.tests.backend_test.TestDesigns" name="test_designs_unauth" time="0.046" /><testcase classname="backend.tests.backend_test.TestAdminStats" name="test_stats" time="0.050" /><testcase classname="backend.tests.backend_test.TestAdminStats" name="test_stats_unauth" time="0.047" /><testcase classname="backend.tests.backend_test.TestAdminMisc" name="test_template_create_delete" time="0.098" /><testcase classname="backend.tests.backend_test.TestAdminMisc" name="test_learning_create_delete" time="0.098" /><testcase classname="backend.tests.backend_test.TestAdminMisc" name="test_coupon_create_delete" time="0.095" /><testcase classname="backend.tests.backend_test.TestAdminMisc" name="test_testimonial_admin" time="0.103" /><testcase classname="backend.tests.backend_test.TestAdminMisc" name="test_gallery_admin" time="0.096" /></testsuite></testsuites>